2024-07-26 08:50:29,175 - Successfully sent message: projects/fire-detection-72077/messages/2198800537398627502
2024-07-26 08:50:29,830 - Successfully sent message: projects/fire-detection-72077/messages/7042090994132562354
2024-07-26 08:50:35,144 - Successfully sent message: projects/fire-detection-72077/messages/3322763525957749497
2024-07-26 08:50:35,658 - Successfully sent message: projects/fire-detection-72077/messages/1139987886015826654
2024-07-26 08:50:36,230 - Successfully sent message: projects/fire-detection-72077/messages/8943915013749491769
2024-07-26 08:50:36,844 - Successfully sent message: projects/fire-detection-72077/messages/532399479591963264
2024-07-26 08:50:37,466 - Successfully sent message: projects/fire-detection-72077/messages/7253353591711172910
2024-07-26 08:50:38,073 - Successfully sent message: projects/fire-detection-72077/messages/1775395685326959035
2024-07-26 08:50:38,613 - Successfully sent message: projects/fire-detection-72077/messages/8110873518321956627
2024-07-26 08:50:39,160 - Successfully sent message: projects/fire-detection-72077/messages/4589638099864423412
2024-07-26 08:50:39,656 - Successfully sent message: projects/fire-detection-72077/messages/300238190140494159
2024-07-26 08:50:40,161 - Successfully sent message: projects/fire-detection-72077/messages/413562294652690181
2024-07-26 08:50:40,679 - Successfully sent message: projects/fire-detection-72077/messages/1623400019988481508
2024-07-26 08:50:41,251 - Successfully sent message: projects/fire-detection-72077/messages/4085652288063916104
2024-07-26 09:04:54,998 - Successfully sent message: projects/fire-detection-72077/messages/6513780052556102489
2024-07-26 09:08:48,253 - Successfully sent message: projects/fire-detection-72077/messages/6918277277198843937
2024-07-26 09:11:21,573 - Successfully sent message: projects/fire-detection-72077/messages/1229485083956527440
2024-07-26 09:24:23,709 - Successfully sent message: projects/fire-detection-72077/messages/3045814399289241246
2024-07-26 09:25:19,906 - Successfully sent message: projects/fire-detection-72077/messages/7563758152550047428
2024-07-26 09:25:20,562 - Successfully written to database.
2024-07-26 09:27:35,625 - Successfully sent message: projects/fire-detection-72077/messages/2631900894301726942
2024-07-26 09:27:36,183 - Successfully written to database.
2024-07-26 09:31:55,283 - Error uploading image: [Errno 2] No such file or directory: 'temp_frame.jpg'
2024-07-26 09:31:55,298 - Error uploading image: [Errno 2] No such file or directory: 'temp_frame.jpg'
2024-07-26 09:31:55,310 - Error uploading image: [Errno 2] No such file or directory: 'temp_frame.jpg'
2024-07-26 09:31:55,323 - Error uploading image: [Errno 2] No such file or directory: 'temp_frame.jpg'
2024-07-26 09:32:06,450 - Error uploading image: [Errno 2] No such file or directory: 'temp_frame.jpg'
2024-07-26 09:32:06,464 - Error uploading image: [Errno 2] No such file or directory: 'temp_frame.jpg'
2024-07-26 09:32:07,649 - Error uploading image: [Errno 2] No such file or directory: 'temp_frame.jpg'
2024-07-26 09:32:07,663 - Error uploading image: [Errno 2] No such file or directory: 'temp_frame.jpg'
2024-07-26 09:32:09,186 - Error uploading image: [Errno 2] No such file or directory: 'temp_frame.jpg'
2024-07-26 09:32:09,199 - Error uploading image: [Errno 2] No such file or directory: 'temp_frame.jpg'
2024-07-26 09:32:09,250 - Error uploading image: [Errno 2] No such file or directory: 'temp_frame.jpg'
2024-07-26 09:32:09,263 - Error uploading image: [Errno 2] No such file or directory: 'temp_frame.jpg'
2024-07-26 09:32:10,721 - Error uploading image: [Errno 2] No such file or directory: 'temp_frame.jpg'
2024-07-26 09:32:10,733 - Error uploading image: [Errno 2] No such file or directory: 'temp_frame.jpg'
2024-07-26 09:34:15,743 - Error uploading image: [Errno 2] No such file or directory: '/images/temp_frame.jpg'
2024-07-26 09:34:15,757 - Error uploading image: [Errno 2] No such file or directory: '/images/temp_frame.jpg'
2024-07-26 09:34:15,770 - Error uploading image: [Errno 2] No such file or directory: '/images/temp_frame.jpg'
2024-07-26 09:34:19,102 - Error uploading image: [Errno 2] No such file or directory: '/images/temp_frame.jpg'
2024-07-26 09:36:17,722 - Successfully sent message: projects/fire-detection-72077/messages/4378189293291591776
2024-07-26 09:36:18,274 - Successfully written to database.
2024-07-26 09:38:52,170 - Successfully written to database.
2024-07-26 09:44:33,589 - Error uploading image: ('invalid_grant: Invalid JWT Signature.', {'error': 'invalid_grant', 'error_description': 'Invalid JWT Signature.'})
2024-07-26 09:44:33,641 - Error uploading image: ('invalid_grant: Invalid JWT Signature.', {'error': 'invalid_grant', 'error_description': 'Invalid JWT Signature.'})
2024-07-26 09:44:33,698 - Error uploading image: ('invalid_grant: Invalid JWT Signature.', {'error': 'invalid_grant', 'error_description': 'Invalid JWT Signature.'})
2024-07-26 09:44:33,753 - Error uploading image: ('invalid_grant: Invalid JWT Signature.', {'error': 'invalid_grant', 'error_description': 'Invalid JWT Signature.'})
2024-07-26 09:44:33,804 - Error uploading image: ('invalid_grant: Invalid JWT Signature.', {'error': 'invalid_grant', 'error_description': 'Invalid JWT Signature.'})
2024-07-26 09:44:33,859 - Error uploading image: ('invalid_grant: Invalid JWT Signature.', {'error': 'invalid_grant', 'error_description': 'Invalid JWT Signature.'})
2024-07-26 09:44:42,778 - Error uploading image: ('invalid_grant: Invalid JWT Signature.', {'error': 'invalid_grant', 'error_description': 'Invalid JWT Signature.'})
2024-07-26 09:44:42,829 - Error uploading image: ('invalid_grant: Invalid JWT Signature.', {'error': 'invalid_grant', 'error_description': 'Invalid JWT Signature.'})
2024-07-26 09:44:47,791 - Error uploading image: ('invalid_grant: Invalid JWT Signature.', {'error': 'invalid_grant', 'error_description': 'Invalid JWT Signature.'})
2024-07-26 09:44:57,524 - Error uploading image: ('invalid_grant: Invalid JWT Signature.', {'error': 'invalid_grant', 'error_description': 'Invalid JWT Signature.'})
2024-07-26 09:44:57,588 - Error uploading image: ('invalid_grant: Invalid JWT Signature.', {'error': 'invalid_grant', 'error_description': 'Invalid JWT Signature.'})
2024-07-26 09:44:57,653 - Error uploading image: ('invalid_grant: Invalid JWT Signature.', {'error': 'invalid_grant', 'error_description': 'Invalid JWT Signature.'})
2024-07-26 09:44:57,707 - Error uploading image: ('invalid_grant: Invalid JWT Signature.', {'error': 'invalid_grant', 'error_description': 'Invalid JWT Signature.'})
2024-07-26 09:44:57,761 - Error uploading image: ('invalid_grant: Invalid JWT Signature.', {'error': 'invalid_grant', 'error_description': 'Invalid JWT Signature.'})
2024-07-26 09:44:57,815 - Error uploading image: ('invalid_grant: Invalid JWT Signature.', {'error': 'invalid_grant', 'error_description': 'Invalid JWT Signature.'})
2024-07-26 09:44:57,865 - Error uploading image: ('invalid_grant: Invalid JWT Signature.', {'error': 'invalid_grant', 'error_description': 'Invalid JWT Signature.'})
2024-07-26 09:44:57,918 - Error uploading image: ('invalid_grant: Invalid JWT Signature.', {'error': 'invalid_grant', 'error_description': 'Invalid JWT Signature.'})
2024-07-26 09:44:57,972 - Error uploading image: ('invalid_grant: Invalid JWT Signature.', {'error': 'invalid_grant', 'error_description': 'Invalid JWT Signature.'})
2024-07-26 09:44:58,025 - Error uploading image: ('invalid_grant: Invalid JWT Signature.', {'error': 'invalid_grant', 'error_description': 'Invalid JWT Signature.'})
2024-07-26 09:44:58,079 - Error uploading image: ('invalid_grant: Invalid JWT Signature.', {'error': 'invalid_grant', 'error_description': 'Invalid JWT Signature.'})
2024-07-26 09:44:58,135 - Error uploading image: ('invalid_grant: Invalid JWT Signature.', {'error': 'invalid_grant', 'error_description': 'Invalid JWT Signature.'})
2024-07-26 09:44:58,198 - Error uploading image: ('invalid_grant: Invalid JWT Signature.', {'error': 'invalid_grant', 'error_description': 'Invalid JWT Signature.'})
2024-07-26 09:44:58,258 - Error uploading image: ('invalid_grant: Invalid JWT Signature.', {'error': 'invalid_grant', 'error_description': 'Invalid JWT Signature.'})
2024-07-26 09:44:58,315 - Error uploading image: ('invalid_grant: Invalid JWT Signature.', {'error': 'invalid_grant', 'error_description': 'Invalid JWT Signature.'})
2024-07-26 09:44:58,389 - Error uploading image: ('invalid_grant: Invalid JWT Signature.', {'error': 'invalid_grant', 'error_description': 'Invalid JWT Signature.'})
2024-07-26 09:44:58,444 - Error uploading image: ('invalid_grant: Invalid JWT Signature.', {'error': 'invalid_grant', 'error_description': 'Invalid JWT Signature.'})
2024-07-26 09:44:59,126 - Error uploading image: ('invalid_grant: Invalid JWT Signature.', {'error': 'invalid_grant', 'error_description': 'Invalid JWT Signature.'})
2024-07-26 09:44:59,183 - Error uploading image: ('invalid_grant: Invalid JWT Signature.', {'error': 'invalid_grant', 'error_description': 'Invalid JWT Signature.'})
2024-07-26 09:44:59,237 - Error uploading image: ('invalid_grant: Invalid JWT Signature.', {'error': 'invalid_grant', 'error_description': 'Invalid JWT Signature.'})
2024-07-26 09:44:59,289 - Error uploading image: ('invalid_grant: Invalid JWT Signature.', {'error': 'invalid_grant', 'error_description': 'Invalid JWT Signature.'})
2024-07-26 09:44:59,408 - Error uploading image: ('invalid_grant: Invalid JWT Signature.', {'error': 'invalid_grant', 'error_description': 'Invalid JWT Signature.'})
2024-07-26 09:44:59,463 - Error uploading image: ('invalid_grant: Invalid JWT Signature.', {'error': 'invalid_grant', 'error_description': 'Invalid JWT Signature.'})
2024-07-26 09:44:59,520 - Error uploading image: ('invalid_grant: Invalid JWT Signature.', {'error': 'invalid_grant', 'error_description': 'Invalid JWT Signature.'})
2024-07-26 09:47:53,769 - Error uploading image: ('invalid_grant: Invalid JWT Signature.', {'error': 'invalid_grant', 'error_description': 'Invalid JWT Signature.'})
2024-07-26 09:50:41,095 - Successfully written to database.
